<INFO> 3-Oct-2018::14:12:44.205 coruscant confd[3374]: - Writing daemon log to /home/etu/Téléchargements/dhcpd/confd.log
<INFO> 3-Oct-2018::14:12:44.207 coruscant confd[3374]: - Writing NETCONF log to /home/etu/Téléchargements/dhcpd/netconf.log
<INFO> 3-Oct-2018::14:12:44.207 coruscant confd[3374]: - Writing audit log to /home/etu/Téléchargements/dhcpd/audit.log
<INFO> 3-Oct-2018::14:12:44.207 coruscant confd[3374]: - Daemon logging started
<INFO> 3-Oct-2018::14:12:44.207 coruscant confd[3374]: - Writing developer log to /home/etu/Téléchargements/dhcpd/devel.log
<DEBUG> 3-Oct-2018::14:12:44.217 coruscant confd[3374]: - Loading file /home/etu/confd-6.4/etc/confd/ietf-netconf-monitoring.fxs
<DEBUG> 3-Oct-2018::14:12:44.217 coruscant confd[3374]: - Loading file /home/etu/confd-6.4/etc/confd/tailf-common-monitoring.fxs
<DEBUG> 3-Oct-2018::14:12:44.218 coruscant confd[3374]: - Loading file /home/etu/confd-6.4/etc/confd/ietf-netconf-acm.fxs
<DEBUG> 3-Oct-2018::14:12:44.218 coruscant confd[3374]: - Loading file /home/etu/confd-6.4/etc/confd/iana-crypt-hash.fxs
<DEBUG> 3-Oct-2018::14:12:44.218 coruscant confd[3374]: - Loading file /home/etu/confd-6.4/etc/confd/ietf-yang-library.fxs
<DEBUG> 3-Oct-2018::14:12:44.219 coruscant confd[3374]: - Loading file /home/etu/confd-6.4/etc/confd/ietf-netconf-notifications.fxs
<DEBUG> 3-Oct-2018::14:12:44.219 coruscant confd[3374]: - Loading file ./dhcpd.fxs
<DEBUG> 3-Oct-2018::14:12:44.220 coruscant confd[3374]: - Loading file /home/etu/confd-6.4/etc/confd/tailf-netconf-monitoring.fxs
<DEBUG> 3-Oct-2018::14:12:44.220 coruscant confd[3374]: - Loading file /home/etu/confd-6.4/etc/confd/tailf-confd-monitoring.fxs
<DEBUG> 3-Oct-2018::14:12:44.222 coruscant confd[3374]: - Loading file /home/etu/confd-6.4/etc/confd/tailf-acm.fxs
<DEBUG> 3-Oct-2018::14:12:44.222 coruscant confd[3374]: - Loading file /home/etu/confd-6.4/etc/confd/tailf-rollback.fxs
<DEBUG> 3-Oct-2018::14:12:44.223 coruscant confd[3374]: - Loading file /home/etu/confd-6.4/etc/confd/tailf-kicker.fxs
<DEBUG> 3-Oct-2018::14:12:44.223 coruscant confd[3374]: - Loading file /home/etu/confd-6.4/etc/confd/tailf-aaa.fxs
<DEBUG> 3-Oct-2018::14:12:44.228 coruscant confd[3374]: - Loading file /home/etu/confd-6.4/etc/confd/confd.ccl
<INFO> 3-Oct-2018::14:12:44.292 coruscant confd[3374]: - Starting to listen for Internal IPC on 127.0.0.1:4565
<INFO> 3-Oct-2018::14:12:44.483 coruscant confd[3374]: - CDB load: processing file: ./confd-cdb/aaa_init.xml
<INFO> 3-Oct-2018::14:12:44.574 coruscant confd[3374]: - Starting to listen for NETCONF TCP on 0.0.0.0:2023
<INFO> 3-Oct-2018::14:12:44.601 coruscant confd[3374]: - Starting to listen for CLI SSH on 0.0.0.0:2024
<INFO> 3-Oct-2018::14:12:44.703 coruscant confd[3374]: - ConfD started vsn: 6.4
<INFO> 3-Oct-2018::14:12:53.998 coruscant confd[3374]: - ConfD stopping (confd --stop called by etu in /home/etu/Téléchargements/dhcpd)
<INFO> 3-Oct-2018::14:12:54.008 coruscant confd[3374]: - Stopping to listen for NETCONF TCP on 0.0.0.0:2023
<INFO> 3-Oct-2018::14:12:54.129 coruscant confd[3374]: - Daemon logging terminating, reason: shutdown
<INFO> 3-Oct-2018::14:12:55.309 coruscant confd[3421]: - Writing daemon log to /home/etu/Téléchargements/dhcpd/confd.log
<INFO> 3-Oct-2018::14:12:55.311 coruscant confd[3421]: - Writing NETCONF log to /home/etu/Téléchargements/dhcpd/netconf.log
<INFO> 3-Oct-2018::14:12:55.311 coruscant confd[3421]: - Writing audit log to /home/etu/Téléchargements/dhcpd/audit.log
<INFO> 3-Oct-2018::14:12:55.311 coruscant confd[3421]: - Daemon logging started
<INFO> 3-Oct-2018::14:12:55.311 coruscant confd[3421]: - Writing developer log to /home/etu/Téléchargements/dhcpd/devel.log
<DEBUG> 3-Oct-2018::14:12:55.320 coruscant confd[3421]: - Loading file /home/etu/confd-6.4/etc/confd/ietf-netconf-monitoring.fxs
<DEBUG> 3-Oct-2018::14:12:55.321 coruscant confd[3421]: - Loading file /home/etu/confd-6.4/etc/confd/tailf-common-monitoring.fxs
<DEBUG> 3-Oct-2018::14:12:55.322 coruscant confd[3421]: - Loading file /home/etu/confd-6.4/etc/confd/ietf-netconf-acm.fxs
<DEBUG> 3-Oct-2018::14:12:55.322 coruscant confd[3421]: - Loading file /home/etu/confd-6.4/etc/confd/iana-crypt-hash.fxs
<DEBUG> 3-Oct-2018::14:12:55.322 coruscant confd[3421]: - Loading file /home/etu/confd-6.4/etc/confd/ietf-yang-library.fxs
<DEBUG> 3-Oct-2018::14:12:55.323 coruscant confd[3421]: - Loading file /home/etu/confd-6.4/etc/confd/ietf-netconf-notifications.fxs
<DEBUG> 3-Oct-2018::14:12:55.323 coruscant confd[3421]: - Loading file ./dhcpd.fxs
<DEBUG> 3-Oct-2018::14:12:55.323 coruscant confd[3421]: - Loading file /home/etu/confd-6.4/etc/confd/tailf-netconf-monitoring.fxs
<DEBUG> 3-Oct-2018::14:12:55.324 coruscant confd[3421]: - Loading file /home/etu/confd-6.4/etc/confd/tailf-confd-monitoring.fxs
<DEBUG> 3-Oct-2018::14:12:55.325 coruscant confd[3421]: - Loading file /home/etu/confd-6.4/etc/confd/tailf-acm.fxs
<DEBUG> 3-Oct-2018::14:12:55.326 coruscant confd[3421]: - Loading file /home/etu/confd-6.4/etc/confd/tailf-rollback.fxs
<DEBUG> 3-Oct-2018::14:12:55.326 coruscant confd[3421]: - Loading file /home/etu/confd-6.4/etc/confd/tailf-kicker.fxs
<DEBUG> 3-Oct-2018::14:12:55.327 coruscant confd[3421]: - Loading file /home/etu/confd-6.4/etc/confd/tailf-aaa.fxs
<DEBUG> 3-Oct-2018::14:12:55.332 coruscant confd[3421]: - Loading file /home/etu/confd-6.4/etc/confd/confd.ccl
<INFO> 3-Oct-2018::14:12:55.393 coruscant confd[3421]: - Starting to listen for Internal IPC on 127.0.0.1:4565
<INFO> 3-Oct-2018::14:12:55.563 coruscant confd[3421]: - Starting to listen for NETCONF TCP on 0.0.0.0:2023
<INFO> 3-Oct-2018::14:12:55.594 coruscant confd[3421]: - Starting to listen for CLI SSH on 0.0.0.0:2024
<INFO> 3-Oct-2018::14:12:55.695 coruscant confd[3421]: - ConfD started vsn: 6.4
<INFO> 3-Oct-2018::14:16:07.858 coruscant confd[3421]: - ConfD stopping (confd --stop called by etu in /home/etu/Téléchargements/dhcpd)
<INFO> 3-Oct-2018::14:16:07.867 coruscant confd[3421]: - Stopping to listen for NETCONF TCP on 0.0.0.0:2023
<INFO> 3-Oct-2018::14:16:07.996 coruscant confd[3421]: - Daemon logging terminating, reason: shutdown
<INFO> 3-Oct-2018::14:18:41.223 coruscant confd[3526]: - Writing daemon log to /home/etu/Téléchargements/dhcpd/confd.log
<INFO> 3-Oct-2018::14:18:41.225 coruscant confd[3526]: - Writing NETCONF log to /home/etu/Téléchargements/dhcpd/netconf.log
<INFO> 3-Oct-2018::14:18:41.225 coruscant confd[3526]: - Writing audit log to /home/etu/Téléchargements/dhcpd/audit.log
<INFO> 3-Oct-2018::14:18:41.226 coruscant confd[3526]: - Daemon logging started
<INFO> 3-Oct-2018::14:18:41.226 coruscant confd[3526]: - Writing developer log to /home/etu/Téléchargements/dhcpd/devel.log
<DEBUG> 3-Oct-2018::14:18:41.236 coruscant confd[3526]: - Loading file /home/etu/confd-6.4/etc/confd/ietf-netconf-monitoring.fxs
<DEBUG> 3-Oct-2018::14:18:41.236 coruscant confd[3526]: - Loading file /home/etu/confd-6.4/etc/confd/tailf-common-monitoring.fxs
<DEBUG> 3-Oct-2018::14:18:41.237 coruscant confd[3526]: - Loading file /home/etu/confd-6.4/etc/confd/ietf-netconf-acm.fxs
<DEBUG> 3-Oct-2018::14:18:41.237 coruscant confd[3526]: - Loading file /home/etu/confd-6.4/etc/confd/iana-crypt-hash.fxs
<DEBUG> 3-Oct-2018::14:18:41.237 coruscant confd[3526]: - Loading file /home/etu/confd-6.4/etc/confd/ietf-yang-library.fxs
<DEBUG> 3-Oct-2018::14:18:41.238 coruscant confd[3526]: - Loading file /home/etu/confd-6.4/etc/confd/ietf-netconf-notifications.fxs
<DEBUG> 3-Oct-2018::14:18:41.238 coruscant confd[3526]: - Loading file ./dhcpd.fxs
<DEBUG> 3-Oct-2018::14:18:41.239 coruscant confd[3526]: - Loading file /home/etu/confd-6.4/etc/confd/tailf-netconf-monitoring.fxs
<DEBUG> 3-Oct-2018::14:18:41.239 coruscant confd[3526]: - Loading file /home/etu/confd-6.4/etc/confd/tailf-confd-monitoring.fxs
<DEBUG> 3-Oct-2018::14:18:41.241 coruscant confd[3526]: - Loading file /home/etu/confd-6.4/etc/confd/tailf-acm.fxs
<DEBUG> 3-Oct-2018::14:18:41.241 coruscant confd[3526]: - Loading file /home/etu/confd-6.4/etc/confd/tailf-rollback.fxs
<DEBUG> 3-Oct-2018::14:18:41.241 coruscant confd[3526]: - Loading file /home/etu/confd-6.4/etc/confd/tailf-kicker.fxs
<DEBUG> 3-Oct-2018::14:18:41.242 coruscant confd[3526]: - Loading file /home/etu/confd-6.4/etc/confd/tailf-aaa.fxs
<DEBUG> 3-Oct-2018::14:18:41.247 coruscant confd[3526]: - Loading file /home/etu/confd-6.4/etc/confd/confd.ccl
<INFO> 3-Oct-2018::14:18:41.305 coruscant confd[3526]: - Starting to listen for Internal IPC on 127.0.0.1:4565
<INFO> 3-Oct-2018::14:18:41.468 coruscant confd[3526]: - Starting to listen for NETCONF TCP on 0.0.0.0:2023
<INFO> 3-Oct-2018::14:18:41.502 coruscant confd[3526]: - Starting to listen for CLI SSH on 0.0.0.0:2024
<INFO> 3-Oct-2018::14:18:41.602 coruscant confd[3526]: - ConfD started vsn: 6.4
<INFO> 3-Oct-2018::14:18:55.970 coruscant confd[3526]: - ConfD stopping (confd --stop called by etu in /home/etu/Téléchargements/dhcpd)
<INFO> 3-Oct-2018::14:18:55.981 coruscant confd[3526]: - Stopping to listen for NETCONF TCP on 0.0.0.0:2023
<INFO> 3-Oct-2018::14:18:56.103 coruscant confd[3526]: - Daemon logging terminating, reason: shutdown
<INFO> 3-Oct-2018::14:19:34.840 coruscant confd[3604]: - Writing daemon log to /home/etu/Téléchargements/dhcpd/confd.log
<INFO> 3-Oct-2018::14:19:34.842 coruscant confd[3604]: - Writing NETCONF log to /home/etu/Téléchargements/dhcpd/netconf.log
<INFO> 3-Oct-2018::14:19:34.842 coruscant confd[3604]: - Writing audit log to /home/etu/Téléchargements/dhcpd/audit.log
<INFO> 3-Oct-2018::14:19:34.843 coruscant confd[3604]: - Daemon logging started
<INFO> 3-Oct-2018::14:19:34.843 coruscant confd[3604]: - Writing developer log to /home/etu/Téléchargements/dhcpd/devel.log
<DEBUG> 3-Oct-2018::14:19:34.853 coruscant confd[3604]: - Loading file /home/etu/confd-6.4/etc/confd/ietf-netconf-monitoring.fxs
<DEBUG> 3-Oct-2018::14:19:34.854 coruscant confd[3604]: - Loading file /home/etu/confd-6.4/etc/confd/tailf-common-monitoring.fxs
<DEBUG> 3-Oct-2018::14:19:34.854 coruscant confd[3604]: - Loading file /home/etu/confd-6.4/etc/confd/ietf-netconf-acm.fxs
<DEBUG> 3-Oct-2018::14:19:34.855 coruscant confd[3604]: - Loading file /home/etu/confd-6.4/etc/confd/iana-crypt-hash.fxs
<DEBUG> 3-Oct-2018::14:19:34.855 coruscant confd[3604]: - Loading file /home/etu/confd-6.4/etc/confd/ietf-yang-library.fxs
<DEBUG> 3-Oct-2018::14:19:34.856 coruscant confd[3604]: - Loading file /home/etu/confd-6.4/etc/confd/ietf-netconf-notifications.fxs
<DEBUG> 3-Oct-2018::14:19:34.856 coruscant confd[3604]: - Loading file ./dhcpd.fxs
<DEBUG> 3-Oct-2018::14:19:34.856 coruscant confd[3604]: - Loading file /home/etu/confd-6.4/etc/confd/tailf-netconf-monitoring.fxs
<DEBUG> 3-Oct-2018::14:19:34.857 coruscant confd[3604]: - Loading file /home/etu/confd-6.4/etc/confd/tailf-confd-monitoring.fxs
<DEBUG> 3-Oct-2018::14:19:34.858 coruscant confd[3604]: - Loading file /home/etu/confd-6.4/etc/confd/tailf-acm.fxs
<DEBUG> 3-Oct-2018::14:19:34.859 coruscant confd[3604]: - Loading file /home/etu/confd-6.4/etc/confd/tailf-rollback.fxs
<DEBUG> 3-Oct-2018::14:19:34.859 coruscant confd[3604]: - Loading file /home/etu/confd-6.4/etc/confd/tailf-kicker.fxs
<DEBUG> 3-Oct-2018::14:19:34.860 coruscant confd[3604]: - Loading file /home/etu/confd-6.4/etc/confd/tailf-aaa.fxs
<DEBUG> 3-Oct-2018::14:19:34.865 coruscant confd[3604]: - Loading file /home/etu/confd-6.4/etc/confd/confd.ccl
<INFO> 3-Oct-2018::14:19:34.925 coruscant confd[3604]: - Starting to listen for Internal IPC on 127.0.0.1:4565
<INFO> 3-Oct-2018::14:19:35.104 coruscant confd[3604]: - Starting to listen for NETCONF TCP on 0.0.0.0:2023
<INFO> 3-Oct-2018::14:19:35.134 coruscant confd[3604]: - Starting to listen for CLI SSH on 0.0.0.0:2024
<INFO> 3-Oct-2018::14:19:35.236 coruscant confd[3604]: - ConfD started vsn: 6.4
