<INFO> 3-Oct-2018::14:12:44.214 coruscant confd[3374]: confd embedded apps in early_phase0: []
<INFO> 3-Oct-2018::14:12:44.314 coruscant confd[3374]: confd mmap_schema handle_info got msg: timeout
<INFO> 3-Oct-2018::14:12:44.327 coruscant confd[3374]: confd embedded apps in phase0: []
<INFO> 3-Oct-2018::14:12:44.483 coruscant confd[3374]: devel-cdb init files found in ./confd-cdb: aaa_init.xml
<INFO> 3-Oct-2018::14:12:44.508 coruscant confd[3374]: devel-cdb Compacted CDB journal file: 1 ms (87 nodes in memory, disk size 1.43 KiB -> 1.39 KiB)
<INFO> 3-Oct-2018::14:12:44.512 coruscant confd[3374]: confd embedded apps in phase1: []
<ERR> 3-Oct-2018::14:12:44.542 coruscant confd[3374]: devel-aaa Module "tailf-webui" in access rule "any-group/tailf-webui-user" does not exist - ignoring rule
<INFO> 3-Oct-2018::14:12:44.566 coruscant confd[3374]: confd embedded apps in phase1_delayed: []
<INFO> 3-Oct-2018::14:12:44.569 coruscant confd[3374]: confd embedded apps in phase2: []
<INFO> 3-Oct-2018::14:12:55.318 coruscant confd[3421]: confd embedded apps in early_phase0: []
<INFO> 3-Oct-2018::14:12:55.414 coruscant confd[3421]: confd mmap_schema handle_info got msg: timeout
<INFO> 3-Oct-2018::14:12:55.427 coruscant confd[3421]: confd embedded apps in phase0: []
<INFO> 3-Oct-2018::14:12:55.460 coruscant confd[3421]: devel-cdb Loaded oper data from ./confd-cdb/O.cdb (4 bytes data in 0.000s)
<INFO> 3-Oct-2018::14:12:55.478 coruscant confd[3421]: devel-cdb Loaded schema file: ./confd-cdb/C.cdb (v3 from 6.4)
<INFO> 3-Oct-2018::14:12:55.480 coruscant confd[3421]: devel-cdb Loaded configuration from ./confd-cdb/A.cdb (1.39 KiB data, 1 transaction in 0.000s)
<INFO> 3-Oct-2018::14:12:55.516 coruscant confd[3421]: confd embedded apps in phase1: []
<ERR> 3-Oct-2018::14:12:55.543 coruscant confd[3421]: devel-aaa Module "tailf-webui" in access rule "any-group/tailf-webui-user" does not exist - ignoring rule
<INFO> 3-Oct-2018::14:12:55.555 coruscant confd[3421]: confd embedded apps in phase1_delayed: []
<INFO> 3-Oct-2018::14:12:55.559 coruscant confd[3421]: confd embedded apps in phase2: []
<INFO> 3-Oct-2018::14:18:41.233 coruscant confd[3526]: confd embedded apps in early_phase0: []
<INFO> 3-Oct-2018::14:18:41.326 coruscant confd[3526]: confd mmap_schema handle_info got msg: timeout
<INFO> 3-Oct-2018::14:18:41.339 coruscant confd[3526]: confd embedded apps in phase0: []
<INFO> 3-Oct-2018::14:18:41.369 coruscant confd[3526]: devel-cdb Loaded oper data from ./confd-cdb/O.cdb (4 bytes data in 0.000s)
<INFO> 3-Oct-2018::14:18:41.387 coruscant confd[3526]: devel-cdb Loaded schema file: ./confd-cdb/C.cdb (v3 from 6.4)
<INFO> 3-Oct-2018::14:18:41.389 coruscant confd[3526]: devel-cdb Loaded configuration from ./confd-cdb/A.cdb (1.39 KiB data, 1 transaction in 0.000s)
<INFO> 3-Oct-2018::14:18:41.423 coruscant confd[3526]: confd embedded apps in phase1: []
<ERR> 3-Oct-2018::14:18:41.448 coruscant confd[3526]: devel-aaa Module "tailf-webui" in access rule "any-group/tailf-webui-user" does not exist - ignoring rule
<INFO> 3-Oct-2018::14:18:41.460 coruscant confd[3526]: confd embedded apps in phase1_delayed: []
<INFO> 3-Oct-2018::14:18:41.463 coruscant confd[3526]: confd embedded apps in phase2: []
<INFO> 3-Oct-2018::14:19:34.851 coruscant confd[3604]: confd embedded apps in early_phase0: []
<INFO> 3-Oct-2018::14:19:34.947 coruscant confd[3604]: confd mmap_schema handle_info got msg: timeout
<INFO> 3-Oct-2018::14:19:34.960 coruscant confd[3604]: confd embedded apps in phase0: []
<INFO> 3-Oct-2018::14:19:34.993 coruscant confd[3604]: devel-cdb Loaded oper data from ./confd-cdb/O.cdb (4 bytes data in 0.000s)
<INFO> 3-Oct-2018::14:19:35.011 coruscant confd[3604]: devel-cdb Loaded schema file: ./confd-cdb/C.cdb (v3 from 6.4)
<INFO> 3-Oct-2018::14:19:35.014 coruscant confd[3604]: devel-cdb Loaded configuration from ./confd-cdb/A.cdb (1.39 KiB data, 1 transaction in 0.000s)
<INFO> 3-Oct-2018::14:19:35.051 coruscant confd[3604]: confd embedded apps in phase1: []
<ERR> 3-Oct-2018::14:19:35.079 coruscant confd[3604]: devel-aaa Module "tailf-webui" in access rule "any-group/tailf-webui-user" does not exist - ignoring rule
<INFO> 3-Oct-2018::14:19:35.094 coruscant confd[3604]: confd embedded apps in phase1_delayed: []
<INFO> 3-Oct-2018::14:19:35.098 coruscant confd[3604]: confd embedded apps in phase2: []
